[2023-05-05 15:46:13] [info] Start Program:
Path:"C:\Users\Ines\Desktop\A6\x64\Debug\A6.exe"
Arguments:
Working directory: "C:\Users\Ines\Desktop\A6\A6\"
Modules: Selected: C:\Users\Ines\Desktop\A6\x64\Debug\A6.exe Excluded: 
Sources: Selected: C:\Users\Ines\Desktop\A6\A6 Excluded: UI.cpp 
Log Level: Normal
Cover Children: 0
Aggregate by file: 1
Continue after C++ exception: 0
Optimized build support: 0
Export: Binary C:\Users\Ines\AppData\Local\Temp\35px3blo.s1y 
Input coverage: 
Unified diff: 
Excluded line regular expressions: 
Substitute pdb source paths: 

[2023-05-05 15:46:13] [info] Module: C:\Users\Ines\Desktop\A6\x64\Debug\A6.exe is selected because it matches selected pattern: C:\Users\Ines\Desktop\A6\x64\Debug\A6.exe
[2023-05-05 15:46:15] [info] ----------------------------------------------------
[2023-05-05 15:46:15] [info] Coverage binary generated in file: C:\Users\Ines\AppData\Local\Temp\35px3blo.s1y
[2023-05-05 15:46:15] [info] ----------------------------------------------------
